<?xml version="1.0" encoding="UTF-8"?>
<TestRun id="730145c8-8188-477c-bf07-05aed163ec8b" name="coola@NOTEBOOK-COOLA 2015-03-10 21:08:18" runUser="NOTEBOOK-COOLA\coola" xmlns="http://microsoft.com/schemas/VisualStudio/TeamTest/2010">
  <TestSettings name="Local" id="dae9df71-d300-401f-8367-061e4e710b1c">
    <Description>These are default test settings for a local test run.</Description>
    <Deployment enabled="false" runDeploymentRoot="coola_NOTEBOOK-COOLA 2015-03-10 21_08_18">
      <DeploymentItem filename="c:\documents and settings\coola\moje dokumenty\visual studio 2010\Projects\01_im_mniej_tym_lepiej_csharp\compress\bin\Debug\compress.dll" />
      <DeploymentItem filename="c:\documents and settings\coola\moje dokumenty\visual studio 2010\Projects\01_im_mniej_tym_lepiej_csharp\packages\NUnit.2.6.4\lib\nunit.framework.dll" />
    </Deployment>
    <Execution>
      <TestTypeSpecific />
      <AgentRule name="Execution Agents">
      </AgentRule>
    </Execution>
  </TestSettings>
  <Times creation="2015-03-10T21:08:18.3906250+01:00" queuing="2015-03-10T21:08:18.5937500+01:00" start="2015-03-10T21:08:19.3281250+01:00" finish="2015-03-10T21:08:38.9843750+01:00" />
  <ResultSummary outcome="Completed">
    <Counters total="5" executed="5" passed="5" error="0" failed="0" timeout="0" aborted="0" inconclusive="0" passedButRunAborted="0" notRunnable="0" notExecuted="0" disconnected="0" warning="0" completed="0" inProgress="0" pending="0" />
  </ResultSummary>
  <TestDefinitions>
    <UnitTest name="load_test_file_2" storage="c:\documents and settings\coola\moje dokumenty\visual studio 2010\projects\01_im_mniej_tym_lepiej_csharp\tests\bin\debug\tests.dll" id="b6fea724-3378-600e-cf2e-781a6f6a331b">
      <Execution id="5cd31891-b8d1-4c07-9571-2e39a7d68dac" />
      <TestMethod codeBase="c:/documents and settings/coola/moje dokumenty/visual studio 2010/Projects/01_im_mniej_tym_lepiej_csharp/tests/bin/Debug/tests.DLL" adapterTypeName="Microsoft.VisualStudio.TestTools.TestTypes.Unit.UnitTestAdapter, Microsoft.VisualStudio.QualityTools.Tips.UnitTest.Adapter, Version=10.0.0.0, Culture=neutral, PublicKeyToken=b03f5f7f11d50a3a" className="tests.UnitTest1, tests, Version=1.0.0.0, Culture=neutral, PublicKeyToken=null" name="load_test_file_2" />
    </UnitTest>
    <UnitTest name="load_test_file_3" storage="c:\documents and settings\coola\moje dokumenty\visual studio 2010\projects\01_im_mniej_tym_lepiej_csharp\tests\bin\debug\tests.dll" id="88996431-512a-c025-e559-d875f3cbc868">
      <Execution id="0b7283e4-a4b6-40a6-8d46-e8a7bfa148be" />
      <TestMethod codeBase="c:/documents and settings/coola/moje dokumenty/visual studio 2010/Projects/01_im_mniej_tym_lepiej_csharp/tests/bin/Debug/tests.DLL" adapterTypeName="Microsoft.VisualStudio.TestTools.TestTypes.Unit.UnitTestAdapter, Microsoft.VisualStudio.QualityTools.Tips.UnitTest.Adapter, Version=10.0.0.0, Culture=neutral, PublicKeyToken=b03f5f7f11d50a3a" className="tests.UnitTest1, tests, Version=1.0.0.0, Culture=neutral, PublicKeyToken=null" name="load_test_file_3" />
    </UnitTest>
    <UnitTest name="load_test_file_4" storage="c:\documents and settings\coola\moje dokumenty\visual studio 2010\projects\01_im_mniej_tym_lepiej_csharp\tests\bin\debug\tests.dll" id="69fe3669-04d0-7adf-f2e7-27373def8b82">
      <Execution id="1a54da9a-3b17-4405-b4ea-34c12cb63fb5" />
      <TestMethod codeBase="c:/documents and settings/coola/moje dokumenty/visual studio 2010/Projects/01_im_mniej_tym_lepiej_csharp/tests/bin/Debug/tests.DLL" adapterTypeName="Microsoft.VisualStudio.TestTools.TestTypes.Unit.UnitTestAdapter, Microsoft.VisualStudio.QualityTools.Tips.UnitTest.Adapter, Version=10.0.0.0, Culture=neutral, PublicKeyToken=b03f5f7f11d50a3a" className="tests.UnitTest1, tests, Version=1.0.0.0, Culture=neutral, PublicKeyToken=null" name="load_test_file_4" />
    </UnitTest>
    <UnitTest name="test_if_there_is_file_manager" storage="c:\documents and settings\coola\moje dokumenty\visual studio 2010\projects\01_im_mniej_tym_lepiej_csharp\tests\bin\debug\tests.dll" id="f64e556a-56f7-c473-1197-0b0e58cdc61a">
      <Execution id="45195339-d6e3-4d31-9438-77234b0d6620" />
      <TestMethod codeBase="c:/documents and settings/coola/moje dokumenty/visual studio 2010/Projects/01_im_mniej_tym_lepiej_csharp/tests/bin/Debug/tests.DLL" adapterTypeName="Microsoft.VisualStudio.TestTools.TestTypes.Unit.UnitTestAdapter, Microsoft.VisualStudio.QualityTools.Tips.UnitTest.Adapter, Version=10.0.0.0, Culture=neutral, PublicKeyToken=b03f5f7f11d50a3a" className="tests.UnitTest1, tests, Version=1.0.0.0, Culture=neutral, PublicKeyToken=null" name="test_if_there_is_file_manager" />
    </UnitTest>
    <UnitTest name="load_test_file_1" storage="c:\documents and settings\coola\moje dokumenty\visual studio 2010\projects\01_im_mniej_tym_lepiej_csharp\tests\bin\debug\tests.dll" id="e12dbc16-d073-c1fd-969e-3d54726babcb">
      <Execution id="d2afae2a-c1b9-4aec-ad9a-8c2c02e98223" />
      <TestMethod codeBase="c:/documents and settings/coola/moje dokumenty/visual studio 2010/Projects/01_im_mniej_tym_lepiej_csharp/tests/bin/Debug/tests.DLL" adapterTypeName="Microsoft.VisualStudio.TestTools.TestTypes.Unit.UnitTestAdapter, Microsoft.VisualStudio.QualityTools.Tips.UnitTest.Adapter, Version=10.0.0.0, Culture=neutral, PublicKeyToken=b03f5f7f11d50a3a" className="tests.UnitTest1, tests, Version=1.0.0.0, Culture=neutral, PublicKeyToken=null" name="load_test_file_1" />
    </UnitTest>
  </TestDefinitions>
  <TestLists>
    <TestList name="Results Not in a List" id="8c84fa94-04c1-424b-9868-57a2d4851a1d" />
    <TestList name="All Loaded Results" id="19431567-8539-422a-85d7-44ee4e166bda" />
  </TestLists>
  <TestEntries>
    <TestEntry testId="69fe3669-04d0-7adf-f2e7-27373def8b82" executionId="1a54da9a-3b17-4405-b4ea-34c12cb63fb5" testListId="8c84fa94-04c1-424b-9868-57a2d4851a1d" />
    <TestEntry testId="88996431-512a-c025-e559-d875f3cbc868" executionId="0b7283e4-a4b6-40a6-8d46-e8a7bfa148be" testListId="8c84fa94-04c1-424b-9868-57a2d4851a1d" />
    <TestEntry testId="b6fea724-3378-600e-cf2e-781a6f6a331b" executionId="5cd31891-b8d1-4c07-9571-2e39a7d68dac" testListId="8c84fa94-04c1-424b-9868-57a2d4851a1d" />
    <TestEntry testId="e12dbc16-d073-c1fd-969e-3d54726babcb" executionId="d2afae2a-c1b9-4aec-ad9a-8c2c02e98223" testListId="8c84fa94-04c1-424b-9868-57a2d4851a1d" />
    <TestEntry testId="f64e556a-56f7-c473-1197-0b0e58cdc61a" executionId="45195339-d6e3-4d31-9438-77234b0d6620" testListId="8c84fa94-04c1-424b-9868-57a2d4851a1d" />
  </TestEntries>
  <Results>
    <UnitTestResult executionId="1a54da9a-3b17-4405-b4ea-34c12cb63fb5" testId="69fe3669-04d0-7adf-f2e7-27373def8b82" testName="load_test_file_4" computerName="NOTEBOOK-COOLA" duration="00:00:00.1617498" startTime="2015-03-10T21:08:19.6250000+01:00" endTime="2015-03-10T21:08:36.4843750+01:00" testType="13cdc9d9-ddb5-4fa4-a97d-d965ccfc6d4b" outcome="Passed" testListId="8c84fa94-04c1-424b-9868-57a2d4851a1d" relativeResultsDirectory="1a54da9a-3b17-4405-b4ea-34c12cb63fb5">
    </UnitTestResult>
    <UnitTestResult executionId="0b7283e4-a4b6-40a6-8d46-e8a7bfa148be" testId="88996431-512a-c025-e559-d875f3cbc868" testName="load_test_file_3" computerName="NOTEBOOK-COOLA" duration="00:00:00.0480155" startTime="2015-03-10T21:08:36.5000000+01:00" endTime="2015-03-10T21:08:36.5625000+01:00" testType="13cdc9d9-ddb5-4fa4-a97d-d965ccfc6d4b" outcome="Passed" testListId="8c84fa94-04c1-424b-9868-57a2d4851a1d" relativeResultsDirectory="0b7283e4-a4b6-40a6-8d46-e8a7bfa148be">
    </UnitTestResult>
    <UnitTestResult executionId="5cd31891-b8d1-4c07-9571-2e39a7d68dac" testId="b6fea724-3378-600e-cf2e-781a6f6a331b" testName="load_test_file_2" computerName="NOTEBOOK-COOLA" duration="00:00:00.0289595" startTime="2015-03-10T21:08:36.5625000+01:00" endTime="2015-03-10T21:08:36.6093750+01:00" testType="13cdc9d9-ddb5-4fa4-a97d-d965ccfc6d4b" outcome="Passed" testListId="8c84fa94-04c1-424b-9868-57a2d4851a1d" relativeResultsDirectory="5cd31891-b8d1-4c07-9571-2e39a7d68dac">
    </UnitTestResult>
    <UnitTestResult executionId="d2afae2a-c1b9-4aec-ad9a-8c2c02e98223" testId="e12dbc16-d073-c1fd-969e-3d54726babcb" testName="load_test_file_1" computerName="NOTEBOOK-COOLA" duration="00:00:02.2728201" startTime="2015-03-10T21:08:36.6250000+01:00" endTime="2015-03-10T21:08:38.9062500+01:00" testType="13cdc9d9-ddb5-4fa4-a97d-d965ccfc6d4b" outcome="Passed" testListId="8c84fa94-04c1-424b-9868-57a2d4851a1d" relativeResultsDirectory="d2afae2a-c1b9-4aec-ad9a-8c2c02e98223">
    </UnitTestResult>
    <UnitTestResult executionId="45195339-d6e3-4d31-9438-77234b0d6620" testId="f64e556a-56f7-c473-1197-0b0e58cdc61a" testName="test_if_there_is_file_manager" computerName="NOTEBOOK-COOLA" duration="00:00:00.0031431" startTime="2015-03-10T21:08:38.9062500+01:00" endTime="2015-03-10T21:08:38.9062500+01:00" testType="13cdc9d9-ddb5-4fa4-a97d-d965ccfc6d4b" outcome="Passed" testListId="8c84fa94-04c1-424b-9868-57a2d4851a1d" relativeResultsDirectory="45195339-d6e3-4d31-9438-77234b0d6620">
    </UnitTestResult>
  </Results>
</TestRun>