<?xml version="1.0" encoding="UTF-8"?>
<TestRun id="3f99b344-c8b7-4ce7-ae72-8b400731c09e" name="coola@NOTEBOOK-COOLA 2015-03-10 21:26:36" runUser="NOTEBOOK-COOLA\coola" xmlns="http://microsoft.com/schemas/VisualStudio/TeamTest/2010">
  <TestSettings name="Local" id="dae9df71-d300-401f-8367-061e4e710b1c">
    <Description>These are default test settings for a local test run.</Description>
    <Deployment enabled="false" runDeploymentRoot="coola_NOTEBOOK-COOLA 2015-03-10 21_26_36">
      <DeploymentItem filename="c:\documents and settings\coola\moje dokumenty\visual studio 2010\Projects\01_im_mniej_tym_lepiej_csharp\compress\bin\Debug\compress.dll" />
      <DeploymentItem filename="c:\documents and settings\coola\moje dokumenty\visual studio 2010\Projects\01_im_mniej_tym_lepiej_csharp\packages\NUnit.2.6.4\lib\nunit.framework.dll" />
    </Deployment>
    <Execution>
      <TestTypeSpecific />
      <AgentRule name="Execution Agents">
      </AgentRule>
    </Execution>
  </TestSettings>
  <Times creation="2015-03-10T21:26:36.7812500+01:00" queuing="2015-03-10T21:26:36.8281250+01:00" start="2015-03-10T21:26:36.8437500+01:00" finish="2015-03-10T21:26:40.5468750+01:00" />
  <ResultSummary outcome="Completed">
    <Counters total="7" executed="7" passed="7" error="0" failed="0" timeout="0" aborted="0" inconclusive="0" passedButRunAborted="0" notRunnable="0" notExecuted="0" disconnected="0" warning="0" completed="0" inProgress="0" pending="0" />
  </ResultSummary>
  <TestDefinitions>
    <UnitTest name="load_test_file_2" storage="c:\documents and settings\coola\moje dokumenty\visual studio 2010\projects\01_im_mniej_tym_lepiej_csharp\tests\bin\debug\tests.dll" id="b6fea724-3378-600e-cf2e-781a6f6a331b">
      <Execution id="f729b5ec-0adc-4a97-bc3b-7dd7bd35ed38" />
      <TestMethod codeBase="c:/documents and settings/coola/moje dokumenty/visual studio 2010/Projects/01_im_mniej_tym_lepiej_csharp/tests/bin/Debug/tests.DLL" adapterTypeName="Microsoft.VisualStudio.TestTools.TestTypes.Unit.UnitTestAdapter, Microsoft.VisualStudio.QualityTools.Tips.UnitTest.Adapter, Version=10.0.0.0, Culture=neutral, PublicKeyToken=b03f5f7f11d50a3a" className="tests.UnitTest1, tests, Version=1.0.0.0, Culture=neutral, PublicKeyToken=null" name="load_test_file_2" />
    </UnitTest>
    <UnitTest name="test_if_there_is_file_manager" storage="c:\documents and settings\coola\moje dokumenty\visual studio 2010\projects\01_im_mniej_tym_lepiej_csharp\tests\bin\debug\tests.dll" id="f64e556a-56f7-c473-1197-0b0e58cdc61a">
      <Execution id="316a8b34-287c-4eb1-8228-8f4bb91f65e6" />
      <TestMethod codeBase="c:/documents and settings/coola/moje dokumenty/visual studio 2010/Projects/01_im_mniej_tym_lepiej_csharp/tests/bin/Debug/tests.DLL" adapterTypeName="Microsoft.VisualStudio.TestTools.TestTypes.Unit.UnitTestAdapter, Microsoft.VisualStudio.QualityTools.Tips.UnitTest.Adapter, Version=10.0.0.0, Culture=neutral, PublicKeyToken=b03f5f7f11d50a3a" className="tests.UnitTest1, tests, Version=1.0.0.0, Culture=neutral, PublicKeyToken=null" name="test_if_there_is_file_manager" />
    </UnitTest>
    <UnitTest name="load_test_file_4" storage="c:\documents and settings\coola\moje dokumenty\visual studio 2010\projects\01_im_mniej_tym_lepiej_csharp\tests\bin\debug\tests.dll" id="69fe3669-04d0-7adf-f2e7-27373def8b82">
      <Execution id="581df253-829a-475b-b127-63b940b33a5e" />
      <TestMethod codeBase="c:/documents and settings/coola/moje dokumenty/visual studio 2010/Projects/01_im_mniej_tym_lepiej_csharp/tests/bin/Debug/tests.DLL" adapterTypeName="Microsoft.VisualStudio.TestTools.TestTypes.Unit.UnitTestAdapter, Microsoft.VisualStudio.QualityTools.Tips.UnitTest.Adapter, Version=10.0.0.0, Culture=neutral, PublicKeyToken=b03f5f7f11d50a3a" className="tests.UnitTest1, tests, Version=1.0.0.0, Culture=neutral, PublicKeyToken=null" name="load_test_file_4" />
    </UnitTest>
    <UnitTest name="load_test_file_3" storage="c:\documents and settings\coola\moje dokumenty\visual studio 2010\projects\01_im_mniej_tym_lepiej_csharp\tests\bin\debug\tests.dll" id="88996431-512a-c025-e559-d875f3cbc868">
      <Execution id="c7d6bff1-76ac-4c66-aaba-6e65ac903536" />
      <TestMethod codeBase="c:/documents and settings/coola/moje dokumenty/visual studio 2010/Projects/01_im_mniej_tym_lepiej_csharp/tests/bin/Debug/tests.DLL" adapterTypeName="Microsoft.VisualStudio.TestTools.TestTypes.Unit.UnitTestAdapter, Microsoft.VisualStudio.QualityTools.Tips.UnitTest.Adapter, Version=10.0.0.0, Culture=neutral, PublicKeyToken=b03f5f7f11d50a3a" className="tests.UnitTest1, tests, Version=1.0.0.0, Culture=neutral, PublicKeyToken=null" name="load_test_file_3" />
    </UnitTest>
    <UnitTest name="test_convert_data_into_points_2" storage="c:\documents and settings\coola\moje dokumenty\visual studio 2010\projects\01_im_mniej_tym_lepiej_csharp\tests\bin\debug\tests.dll" id="2d9bafed-550a-d0bb-d61f-ceed617b0785">
      <Execution id="97c37005-dcfa-42cd-b19a-c98262fbfadc" />
      <TestMethod codeBase="c:/documents and settings/coola/moje dokumenty/visual studio 2010/Projects/01_im_mniej_tym_lepiej_csharp/tests/bin/Debug/tests.DLL" adapterTypeName="Microsoft.VisualStudio.TestTools.TestTypes.Unit.UnitTestAdapter, Microsoft.VisualStudio.QualityTools.Tips.UnitTest.Adapter, Version=10.0.0.0, Culture=neutral, PublicKeyToken=b03f5f7f11d50a3a" className="tests.UnitTest1, tests, Version=1.0.0.0, Culture=neutral, PublicKeyToken=null" name="test_convert_data_into_points_2" />
    </UnitTest>
    <UnitTest name="test_convert_data_into_points_1" storage="c:\documents and settings\coola\moje dokumenty\visual studio 2010\projects\01_im_mniej_tym_lepiej_csharp\tests\bin\debug\tests.dll" id="18bc8675-5b98-8dc9-4781-f01bc294fb08">
      <Execution id="ddab253f-e781-4d44-a86d-a72eb57959ce" />
      <TestMethod codeBase="c:/documents and settings/coola/moje dokumenty/visual studio 2010/Projects/01_im_mniej_tym_lepiej_csharp/tests/bin/Debug/tests.DLL" adapterTypeName="Microsoft.VisualStudio.TestTools.TestTypes.Unit.UnitTestAdapter, Microsoft.VisualStudio.QualityTools.Tips.UnitTest.Adapter, Version=10.0.0.0, Culture=neutral, PublicKeyToken=b03f5f7f11d50a3a" className="tests.UnitTest1, tests, Version=1.0.0.0, Culture=neutral, PublicKeyToken=null" name="test_convert_data_into_points_1" />
    </UnitTest>
    <UnitTest name="load_test_file_1" storage="c:\documents and settings\coola\moje dokumenty\visual studio 2010\projects\01_im_mniej_tym_lepiej_csharp\tests\bin\debug\tests.dll" id="e12dbc16-d073-c1fd-969e-3d54726babcb">
      <Execution id="c524988d-bd37-4bfb-b947-00642e19f089" />
      <TestMethod codeBase="c:/documents and settings/coola/moje dokumenty/visual studio 2010/Projects/01_im_mniej_tym_lepiej_csharp/tests/bin/Debug/tests.DLL" adapterTypeName="Microsoft.VisualStudio.TestTools.TestTypes.Unit.UnitTestAdapter, Microsoft.VisualStudio.QualityTools.Tips.UnitTest.Adapter, Version=10.0.0.0, Culture=neutral, PublicKeyToken=b03f5f7f11d50a3a" className="tests.UnitTest1, tests, Version=1.0.0.0, Culture=neutral, PublicKeyToken=null" name="load_test_file_1" />
    </UnitTest>
  </TestDefinitions>
  <TestLists>
    <TestList name="Results Not in a List" id="8c84fa94-04c1-424b-9868-57a2d4851a1d" />
    <TestList name="All Loaded Results" id="19431567-8539-422a-85d7-44ee4e166bda" />
  </TestLists>
  <TestEntries>
    <TestEntry testId="18bc8675-5b98-8dc9-4781-f01bc294fb08" executionId="ddab253f-e781-4d44-a86d-a72eb57959ce" testListId="8c84fa94-04c1-424b-9868-57a2d4851a1d" />
    <TestEntry testId="2d9bafed-550a-d0bb-d61f-ceed617b0785" executionId="97c37005-dcfa-42cd-b19a-c98262fbfadc" testListId="8c84fa94-04c1-424b-9868-57a2d4851a1d" />
    <TestEntry testId="69fe3669-04d0-7adf-f2e7-27373def8b82" executionId="581df253-829a-475b-b127-63b940b33a5e" testListId="8c84fa94-04c1-424b-9868-57a2d4851a1d" />
    <TestEntry testId="88996431-512a-c025-e559-d875f3cbc868" executionId="c7d6bff1-76ac-4c66-aaba-6e65ac903536" testListId="8c84fa94-04c1-424b-9868-57a2d4851a1d" />
    <TestEntry testId="b6fea724-3378-600e-cf2e-781a6f6a331b" executionId="f729b5ec-0adc-4a97-bc3b-7dd7bd35ed38" testListId="8c84fa94-04c1-424b-9868-57a2d4851a1d" />
    <TestEntry testId="e12dbc16-d073-c1fd-969e-3d54726babcb" executionId="c524988d-bd37-4bfb-b947-00642e19f089" testListId="8c84fa94-04c1-424b-9868-57a2d4851a1d" />
    <TestEntry testId="f64e556a-56f7-c473-1197-0b0e58cdc61a" executionId="316a8b34-287c-4eb1-8228-8f4bb91f65e6" testListId="8c84fa94-04c1-424b-9868-57a2d4851a1d" />
  </TestEntries>
  <Results>
    <UnitTestResult executionId="ddab253f-e781-4d44-a86d-a72eb57959ce" testId="18bc8675-5b98-8dc9-4781-f01bc294fb08" testName="test_convert_data_into_points_1" computerName="NOTEBOOK-COOLA" duration="00:00:00.0249688" startTime="2015-03-10T21:26:36.8437500+01:00" endTime="2015-03-10T21:26:37.8281250+01:00" testType="13cdc9d9-ddb5-4fa4-a97d-d965ccfc6d4b" outcome="Passed" testListId="8c84fa94-04c1-424b-9868-57a2d4851a1d" relativeResultsDirectory="ddab253f-e781-4d44-a86d-a72eb57959ce">
    </UnitTestResult>
    <UnitTestResult executionId="97c37005-dcfa-42cd-b19a-c98262fbfadc" testId="2d9bafed-550a-d0bb-d61f-ceed617b0785" testName="test_convert_data_into_points_2" computerName="NOTEBOOK-COOLA" duration="00:00:00.0035565" startTime="2015-03-10T21:26:37.8437500+01:00" endTime="2015-03-10T21:26:37.8437500+01:00" testType="13cdc9d9-ddb5-4fa4-a97d-d965ccfc6d4b" outcome="Passed" testListId="8c84fa94-04c1-424b-9868-57a2d4851a1d" relativeResultsDirectory="97c37005-dcfa-42cd-b19a-c98262fbfadc">
    </UnitTestResult>
    <UnitTestResult executionId="581df253-829a-475b-b127-63b940b33a5e" testId="69fe3669-04d0-7adf-f2e7-27373def8b82" testName="load_test_file_4" computerName="NOTEBOOK-COOLA" duration="00:00:00.0007473" startTime="2015-03-10T21:26:37.8593750+01:00" endTime="2015-03-10T21:26:37.8750000+01:00" testType="13cdc9d9-ddb5-4fa4-a97d-d965ccfc6d4b" outcome="Passed" testListId="8c84fa94-04c1-424b-9868-57a2d4851a1d" relativeResultsDirectory="581df253-829a-475b-b127-63b940b33a5e">
    </UnitTestResult>
    <UnitTestResult executionId="c7d6bff1-76ac-4c66-aaba-6e65ac903536" testId="88996431-512a-c025-e559-d875f3cbc868" testName="load_test_file_3" computerName="NOTEBOOK-COOLA" duration="00:00:00.1146123" startTime="2015-03-10T21:26:37.8750000+01:00" endTime="2015-03-10T21:26:38.0468750+01:00" testType="13cdc9d9-ddb5-4fa4-a97d-d965ccfc6d4b" outcome="Passed" testListId="8c84fa94-04c1-424b-9868-57a2d4851a1d" relativeResultsDirectory="c7d6bff1-76ac-4c66-aaba-6e65ac903536">
    </UnitTestResult>
    <UnitTestResult executionId="f729b5ec-0adc-4a97-bc3b-7dd7bd35ed38" testId="b6fea724-3378-600e-cf2e-781a6f6a331b" testName="load_test_file_2" computerName="NOTEBOOK-COOLA" duration="00:00:00.0367286" startTime="2015-03-10T21:26:38.0468750+01:00" endTime="2015-03-10T21:26:38.1093750+01:00" testType="13cdc9d9-ddb5-4fa4-a97d-d965ccfc6d4b" outcome="Passed" testListId="8c84fa94-04c1-424b-9868-57a2d4851a1d" relativeResultsDirectory="f729b5ec-0adc-4a97-bc3b-7dd7bd35ed38">
    </UnitTestResult>
    <UnitTestResult executionId="c524988d-bd37-4bfb-b947-00642e19f089" testId="e12dbc16-d073-c1fd-969e-3d54726babcb" testName="load_test_file_1" computerName="NOTEBOOK-COOLA" duration="00:00:02.3322573" startTime="2015-03-10T21:26:38.1093750+01:00" endTime="2015-03-10T21:26:40.4531250+01:00" testType="13cdc9d9-ddb5-4fa4-a97d-d965ccfc6d4b" outcome="Passed" testListId="8c84fa94-04c1-424b-9868-57a2d4851a1d" relativeResultsDirectory="c524988d-bd37-4bfb-b947-00642e19f089">
    </UnitTestResult>
    <UnitTestResult executionId="316a8b34-287c-4eb1-8228-8f4bb91f65e6" testId="f64e556a-56f7-c473-1197-0b0e58cdc61a" testName="test_if_there_is_file_manager" computerName="NOTEBOOK-COOLA" duration="00:00:00.0003159" startTime="2015-03-10T21:26:40.4531250+01:00" endTime="2015-03-10T21:26:40.4687500+01:00" testType="13cdc9d9-ddb5-4fa4-a97d-d965ccfc6d4b" outcome="Passed" testListId="8c84fa94-04c1-424b-9868-57a2d4851a1d" relativeResultsDirectory="316a8b34-287c-4eb1-8228-8f4bb91f65e6">
    </UnitTestResult>
  </Results>
</TestRun>