<?xml version="1.0" encoding="UTF-8"?>
<TestRun id="582a6c60-d4f4-47de-813a-fe81ebb7592a" name="coola@NOTEBOOK-COOLA 2015-03-10 21:28:06" runUser="NOTEBOOK-COOLA\coola" xmlns="http://microsoft.com/schemas/VisualStudio/TeamTest/2010">
  <TestSettings name="Local" id="dae9df71-d300-401f-8367-061e4e710b1c">
    <Description>These are default test settings for a local test run.</Description>
    <Deployment enabled="false" runDeploymentRoot="coola_NOTEBOOK-COOLA 2015-03-10 21_28_06">
      <DeploymentItem filename="c:\documents and settings\coola\moje dokumenty\visual studio 2010\Projects\01_im_mniej_tym_lepiej_csharp\compress\bin\Debug\compress.dll" />
      <DeploymentItem filename="c:\documents and settings\coola\moje dokumenty\visual studio 2010\Projects\01_im_mniej_tym_lepiej_csharp\packages\NUnit.2.6.4\lib\nunit.framework.dll" />
    </Deployment>
    <Execution>
      <TestTypeSpecific />
      <AgentRule name="Execution Agents">
      </AgentRule>
    </Execution>
  </TestSettings>
  <Times creation="2015-03-10T21:28:06.9062500+01:00" queuing="2015-03-10T21:28:06.9218750+01:00" start="2015-03-10T21:28:06.9531250+01:00" finish="2015-03-10T21:28:10.2812500+01:00" />
  <ResultSummary outcome="Completed">
    <Counters total="7" executed="7" passed="7" error="0" failed="0" timeout="0" aborted="0" inconclusive="0" passedButRunAborted="0" notRunnable="0" notExecuted="0" disconnected="0" warning="0" completed="0" inProgress="0" pending="0" />
  </ResultSummary>
  <TestDefinitions>
    <UnitTest name="load_test_file_2" storage="c:\documents and settings\coola\moje dokumenty\visual studio 2010\projects\01_im_mniej_tym_lepiej_csharp\tests\bin\debug\tests.dll" id="b6fea724-3378-600e-cf2e-781a6f6a331b">
      <Execution id="190417dc-3671-413b-9236-809fde29b657" />
      <TestMethod codeBase="c:/documents and settings/coola/moje dokumenty/visual studio 2010/Projects/01_im_mniej_tym_lepiej_csharp/tests/bin/Debug/tests.DLL" adapterTypeName="Microsoft.VisualStudio.TestTools.TestTypes.Unit.UnitTestAdapter, Microsoft.VisualStudio.QualityTools.Tips.UnitTest.Adapter, Version=10.0.0.0, Culture=neutral, PublicKeyToken=b03f5f7f11d50a3a" className="tests.UnitTest1, tests, Version=1.0.0.0, Culture=neutral, PublicKeyToken=null" name="load_test_file_2" />
    </UnitTest>
    <UnitTest name="test_if_there_is_file_manager" storage="c:\documents and settings\coola\moje dokumenty\visual studio 2010\projects\01_im_mniej_tym_lepiej_csharp\tests\bin\debug\tests.dll" id="f64e556a-56f7-c473-1197-0b0e58cdc61a">
      <Execution id="f137de7b-1f88-4f98-a525-c822f7cd959b" />
      <TestMethod codeBase="c:/documents and settings/coola/moje dokumenty/visual studio 2010/Projects/01_im_mniej_tym_lepiej_csharp/tests/bin/Debug/tests.DLL" adapterTypeName="Microsoft.VisualStudio.TestTools.TestTypes.Unit.UnitTestAdapter, Microsoft.VisualStudio.QualityTools.Tips.UnitTest.Adapter, Version=10.0.0.0, Culture=neutral, PublicKeyToken=b03f5f7f11d50a3a" className="tests.UnitTest1, tests, Version=1.0.0.0, Culture=neutral, PublicKeyToken=null" name="test_if_there_is_file_manager" />
    </UnitTest>
    <UnitTest name="load_test_file_4" storage="c:\documents and settings\coola\moje dokumenty\visual studio 2010\projects\01_im_mniej_tym_lepiej_csharp\tests\bin\debug\tests.dll" id="69fe3669-04d0-7adf-f2e7-27373def8b82">
      <Execution id="50691741-4cba-41e9-a903-55ceaad24365" />
      <TestMethod codeBase="c:/documents and settings/coola/moje dokumenty/visual studio 2010/Projects/01_im_mniej_tym_lepiej_csharp/tests/bin/Debug/tests.DLL" adapterTypeName="Microsoft.VisualStudio.TestTools.TestTypes.Unit.UnitTestAdapter, Microsoft.VisualStudio.QualityTools.Tips.UnitTest.Adapter, Version=10.0.0.0, Culture=neutral, PublicKeyToken=b03f5f7f11d50a3a" className="tests.UnitTest1, tests, Version=1.0.0.0, Culture=neutral, PublicKeyToken=null" name="load_test_file_4" />
    </UnitTest>
    <UnitTest name="load_test_file_3" storage="c:\documents and settings\coola\moje dokumenty\visual studio 2010\projects\01_im_mniej_tym_lepiej_csharp\tests\bin\debug\tests.dll" id="88996431-512a-c025-e559-d875f3cbc868">
      <Execution id="96902faa-e14c-4765-abe4-4ff713dd504e" />
      <TestMethod codeBase="c:/documents and settings/coola/moje dokumenty/visual studio 2010/Projects/01_im_mniej_tym_lepiej_csharp/tests/bin/Debug/tests.DLL" adapterTypeName="Microsoft.VisualStudio.TestTools.TestTypes.Unit.UnitTestAdapter, Microsoft.VisualStudio.QualityTools.Tips.UnitTest.Adapter, Version=10.0.0.0, Culture=neutral, PublicKeyToken=b03f5f7f11d50a3a" className="tests.UnitTest1, tests, Version=1.0.0.0, Culture=neutral, PublicKeyToken=null" name="load_test_file_3" />
    </UnitTest>
    <UnitTest name="test_convert_data_into_points_2" storage="c:\documents and settings\coola\moje dokumenty\visual studio 2010\projects\01_im_mniej_tym_lepiej_csharp\tests\bin\debug\tests.dll" id="2d9bafed-550a-d0bb-d61f-ceed617b0785">
      <Execution id="f450f1cd-e386-4a83-a9d8-e6e2482fe32e" />
      <TestMethod codeBase="c:/documents and settings/coola/moje dokumenty/visual studio 2010/Projects/01_im_mniej_tym_lepiej_csharp/tests/bin/Debug/tests.DLL" adapterTypeName="Microsoft.VisualStudio.TestTools.TestTypes.Unit.UnitTestAdapter, Microsoft.VisualStudio.QualityTools.Tips.UnitTest.Adapter, Version=10.0.0.0, Culture=neutral, PublicKeyToken=b03f5f7f11d50a3a" className="tests.UnitTest1, tests, Version=1.0.0.0, Culture=neutral, PublicKeyToken=null" name="test_convert_data_into_points_2" />
    </UnitTest>
    <UnitTest name="test_convert_data_into_points_1" storage="c:\documents and settings\coola\moje dokumenty\visual studio 2010\projects\01_im_mniej_tym_lepiej_csharp\tests\bin\debug\tests.dll" id="18bc8675-5b98-8dc9-4781-f01bc294fb08">
      <Execution id="7f87e225-7eb3-4e33-93d6-90e0e4577456" />
      <TestMethod codeBase="c:/documents and settings/coola/moje dokumenty/visual studio 2010/Projects/01_im_mniej_tym_lepiej_csharp/tests/bin/Debug/tests.DLL" adapterTypeName="Microsoft.VisualStudio.TestTools.TestTypes.Unit.UnitTestAdapter, Microsoft.VisualStudio.QualityTools.Tips.UnitTest.Adapter, Version=10.0.0.0, Culture=neutral, PublicKeyToken=b03f5f7f11d50a3a" className="tests.UnitTest1, tests, Version=1.0.0.0, Culture=neutral, PublicKeyToken=null" name="test_convert_data_into_points_1" />
    </UnitTest>
    <UnitTest name="load_test_file_1" storage="c:\documents and settings\coola\moje dokumenty\visual studio 2010\projects\01_im_mniej_tym_lepiej_csharp\tests\bin\debug\tests.dll" id="e12dbc16-d073-c1fd-969e-3d54726babcb">
      <Execution id="1488d323-6f49-4f63-b303-f3ce642ccc2a" />
      <TestMethod codeBase="c:/documents and settings/coola/moje dokumenty/visual studio 2010/Projects/01_im_mniej_tym_lepiej_csharp/tests/bin/Debug/tests.DLL" adapterTypeName="Microsoft.VisualStudio.TestTools.TestTypes.Unit.UnitTestAdapter, Microsoft.VisualStudio.QualityTools.Tips.UnitTest.Adapter, Version=10.0.0.0, Culture=neutral, PublicKeyToken=b03f5f7f11d50a3a" className="tests.UnitTest1, tests, Version=1.0.0.0, Culture=neutral, PublicKeyToken=null" name="load_test_file_1" />
    </UnitTest>
  </TestDefinitions>
  <TestLists>
    <TestList name="Results Not in a List" id="8c84fa94-04c1-424b-9868-57a2d4851a1d" />
    <TestList name="All Loaded Results" id="19431567-8539-422a-85d7-44ee4e166bda" />
  </TestLists>
  <TestEntries>
    <TestEntry testId="18bc8675-5b98-8dc9-4781-f01bc294fb08" executionId="7f87e225-7eb3-4e33-93d6-90e0e4577456" testListId="8c84fa94-04c1-424b-9868-57a2d4851a1d" />
    <TestEntry testId="2d9bafed-550a-d0bb-d61f-ceed617b0785" executionId="f450f1cd-e386-4a83-a9d8-e6e2482fe32e" testListId="8c84fa94-04c1-424b-9868-57a2d4851a1d" />
    <TestEntry testId="69fe3669-04d0-7adf-f2e7-27373def8b82" executionId="50691741-4cba-41e9-a903-55ceaad24365" testListId="8c84fa94-04c1-424b-9868-57a2d4851a1d" />
    <TestEntry testId="88996431-512a-c025-e559-d875f3cbc868" executionId="96902faa-e14c-4765-abe4-4ff713dd504e" testListId="8c84fa94-04c1-424b-9868-57a2d4851a1d" />
    <TestEntry testId="b6fea724-3378-600e-cf2e-781a6f6a331b" executionId="190417dc-3671-413b-9236-809fde29b657" testListId="8c84fa94-04c1-424b-9868-57a2d4851a1d" />
    <TestEntry testId="e12dbc16-d073-c1fd-969e-3d54726babcb" executionId="1488d323-6f49-4f63-b303-f3ce642ccc2a" testListId="8c84fa94-04c1-424b-9868-57a2d4851a1d" />
    <TestEntry testId="f64e556a-56f7-c473-1197-0b0e58cdc61a" executionId="f137de7b-1f88-4f98-a525-c822f7cd959b" testListId="8c84fa94-04c1-424b-9868-57a2d4851a1d" />
  </TestEntries>
  <Results>
    <UnitTestResult executionId="7f87e225-7eb3-4e33-93d6-90e0e4577456" testId="18bc8675-5b98-8dc9-4781-f01bc294fb08" testName="test_convert_data_into_points_1" computerName="NOTEBOOK-COOLA" duration="00:00:00.0416214" startTime="2015-03-10T21:28:06.9531250+01:00" endTime="2015-03-10T21:28:07.3437500+01:00" testType="13cdc9d9-ddb5-4fa4-a97d-d965ccfc6d4b" outcome="Passed" testListId="8c84fa94-04c1-424b-9868-57a2d4851a1d" relativeResultsDirectory="7f87e225-7eb3-4e33-93d6-90e0e4577456">
    </UnitTestResult>
    <UnitTestResult executionId="f450f1cd-e386-4a83-a9d8-e6e2482fe32e" testId="2d9bafed-550a-d0bb-d61f-ceed617b0785" testName="test_convert_data_into_points_2" computerName="NOTEBOOK-COOLA" duration="00:00:00.0018597" startTime="2015-03-10T21:28:07.3437500+01:00" endTime="2015-03-10T21:28:07.3593750+01:00" testType="13cdc9d9-ddb5-4fa4-a97d-d965ccfc6d4b" outcome="Passed" testListId="8c84fa94-04c1-424b-9868-57a2d4851a1d" relativeResultsDirectory="f450f1cd-e386-4a83-a9d8-e6e2482fe32e">
    </UnitTestResult>
    <UnitTestResult executionId="50691741-4cba-41e9-a903-55ceaad24365" testId="69fe3669-04d0-7adf-f2e7-27373def8b82" testName="load_test_file_4" computerName="NOTEBOOK-COOLA" duration="00:00:00.0042997" startTime="2015-03-10T21:28:07.3750000+01:00" endTime="2015-03-10T21:28:07.3750000+01:00" testType="13cdc9d9-ddb5-4fa4-a97d-d965ccfc6d4b" outcome="Passed" testListId="8c84fa94-04c1-424b-9868-57a2d4851a1d" relativeResultsDirectory="50691741-4cba-41e9-a903-55ceaad24365">
    </UnitTestResult>
    <UnitTestResult executionId="96902faa-e14c-4765-abe4-4ff713dd504e" testId="88996431-512a-c025-e559-d875f3cbc868" testName="load_test_file_3" computerName="NOTEBOOK-COOLA" duration="00:00:00.0341213" startTime="2015-03-10T21:28:07.3750000+01:00" endTime="2015-03-10T21:28:07.4531250+01:00" testType="13cdc9d9-ddb5-4fa4-a97d-d965ccfc6d4b" outcome="Passed" testListId="8c84fa94-04c1-424b-9868-57a2d4851a1d" relativeResultsDirectory="96902faa-e14c-4765-abe4-4ff713dd504e">
    </UnitTestResult>
    <UnitTestResult executionId="190417dc-3671-413b-9236-809fde29b657" testId="b6fea724-3378-600e-cf2e-781a6f6a331b" testName="load_test_file_2" computerName="NOTEBOOK-COOLA" duration="00:00:00.0286114" startTime="2015-03-10T21:28:07.4531250+01:00" endTime="2015-03-10T21:28:07.4843750+01:00" testType="13cdc9d9-ddb5-4fa4-a97d-d965ccfc6d4b" outcome="Passed" testListId="8c84fa94-04c1-424b-9868-57a2d4851a1d" relativeResultsDirectory="190417dc-3671-413b-9236-809fde29b657">
    </UnitTestResult>
    <UnitTestResult executionId="1488d323-6f49-4f63-b303-f3ce642ccc2a" testId="e12dbc16-d073-c1fd-969e-3d54726babcb" testName="load_test_file_1" computerName="NOTEBOOK-COOLA" duration="00:00:02.7307548" startTime="2015-03-10T21:28:07.4843750+01:00" endTime="2015-03-10T21:28:10.2187500+01:00" testType="13cdc9d9-ddb5-4fa4-a97d-d965ccfc6d4b" outcome="Passed" testListId="8c84fa94-04c1-424b-9868-57a2d4851a1d" relativeResultsDirectory="1488d323-6f49-4f63-b303-f3ce642ccc2a">
    </UnitTestResult>
    <UnitTestResult executionId="f137de7b-1f88-4f98-a525-c822f7cd959b" testId="f64e556a-56f7-c473-1197-0b0e58cdc61a" testName="test_if_there_is_file_manager" computerName="NOTEBOOK-COOLA" duration="00:00:00.0003061" startTime="2015-03-10T21:28:10.2343750+01:00" endTime="2015-03-10T21:28:10.2343750+01:00" testType="13cdc9d9-ddb5-4fa4-a97d-d965ccfc6d4b" outcome="Passed" testListId="8c84fa94-04c1-424b-9868-57a2d4851a1d" relativeResultsDirectory="f137de7b-1f88-4f98-a525-c822f7cd959b">
    </UnitTestResult>
  </Results>
</TestRun>