<?xml version="1.0" encoding="UTF-8"?>
<TestRun id="e22aa755-daa3-403b-bd2d-7e5926190e2a" name="michal.kulinski@MW7O33T30CYID5 2015-03-12 11:07:34" runUser="DIR\michal.kulinski" xmlns="http://microsoft.com/schemas/VisualStudio/TeamTest/2010">
  <TestSettings name="Local" id="dae9df71-d300-401f-8367-061e4e710b1c">
    <Description>These are default test settings for a local test run.</Description>
    <Deployment enabled="false" runDeploymentRoot="michal.kulinski_MW7O33T30CYID5 2015-03-12 11_07_34">
      <DeploymentItem filename="C:\Users\michal.kulinski\Documents\Visual Studio 2010\Projects\01_im_mniej_tym_lepiej_csharp\compress\bin\Debug\compress.dll" />
      <DeploymentItem filename="C:\Users\michal.kulinski\Documents\Visual Studio 2010\Projects\01_im_mniej_tym_lepiej_csharp\packages\NUnit.2.6.4\lib\nunit.framework.dll" />
    </Deployment>
    <Execution>
      <TestTypeSpecific />
      <AgentRule name="Execution Agents">
      </AgentRule>
    </Execution>
  </TestSettings>
  <Times creation="2015-03-12T11:07:34.4709821+01:00" queuing="2015-03-12T11:07:35.9041254+01:00" start="2015-03-12T11:07:36.1391489+01:00" finish="2015-03-12T11:07:38.0543404+01:00" />
  <ResultSummary outcome="Completed">
    <Counters total="12" executed="12" passed="12" error="0" failed="0" timeout="0" aborted="0" inconclusive="0" passedButRunAborted="0" notRunnable="0" notExecuted="0" disconnected="0" warning="0" completed="0" inProgress="0" pending="0" />
  </ResultSummary>
  <TestDefinitions>
    <UnitTest name="test_if_there_is_file_manager" storage="c:\users\michal.kulinski\documents\visual studio 2010\projects\01_im_mniej_tym_lepiej_csharp\tests\bin\debug\tests.dll" id="f64e556a-56f7-c473-1197-0b0e58cdc61a">
      <Execution id="703d4bb9-26e5-458a-ad6a-0ea3ca18b1d3" />
      <TestMethod codeBase="C:/Users/michal.kulinski/Documents/Visual Studio 2010/Projects/01_im_mniej_tym_lepiej_csharp/tests/bin/Debug/tests.DLL" adapterTypeName="Microsoft.VisualStudio.TestTools.TestTypes.Unit.UnitTestAdapter, Microsoft.VisualStudio.QualityTools.Tips.UnitTest.Adapter, Version=10.0.0.0, Culture=neutral, PublicKeyToken=b03f5f7f11d50a3a" className="tests.UnitTest1, tests, Version=1.0.0.0, Culture=neutral, PublicKeyToken=null" name="test_if_there_is_file_manager" />
    </UnitTest>
    <UnitTest name="load_test_file_4" storage="c:\users\michal.kulinski\documents\visual studio 2010\projects\01_im_mniej_tym_lepiej_csharp\tests\bin\debug\tests.dll" id="69fe3669-04d0-7adf-f2e7-27373def8b82">
      <Execution id="9d5d2c42-01f6-47ff-8565-9f766884a62a" />
      <TestMethod codeBase="C:/Users/michal.kulinski/Documents/Visual Studio 2010/Projects/01_im_mniej_tym_lepiej_csharp/tests/bin/Debug/tests.DLL" adapterTypeName="Microsoft.VisualStudio.TestTools.TestTypes.Unit.UnitTestAdapter, Microsoft.VisualStudio.QualityTools.Tips.UnitTest.Adapter, Version=10.0.0.0, Culture=neutral, PublicKeyToken=b03f5f7f11d50a3a" className="tests.UnitTest1, tests, Version=1.0.0.0, Culture=neutral, PublicKeyToken=null" name="load_test_file_4" />
    </UnitTest>
    <UnitTest name="load_test_file_2" storage="c:\users\michal.kulinski\documents\visual studio 2010\projects\01_im_mniej_tym_lepiej_csharp\tests\bin\debug\tests.dll" id="b6fea724-3378-600e-cf2e-781a6f6a331b">
      <Execution id="a68e0a49-5560-486c-a24f-99fc7a6995e9" />
      <TestMethod codeBase="C:/Users/michal.kulinski/Documents/Visual Studio 2010/Projects/01_im_mniej_tym_lepiej_csharp/tests/bin/Debug/tests.DLL" adapterTypeName="Microsoft.VisualStudio.TestTools.TestTypes.Unit.UnitTestAdapter, Microsoft.VisualStudio.QualityTools.Tips.UnitTest.Adapter, Version=10.0.0.0, Culture=neutral, PublicKeyToken=b03f5f7f11d50a3a" className="tests.UnitTest1, tests, Version=1.0.0.0, Culture=neutral, PublicKeyToken=null" name="load_test_file_2" />
    </UnitTest>
    <UnitTest name="test_sgps_points_split_for_ints" storage="c:\users\michal.kulinski\documents\visual studio 2010\projects\01_im_mniej_tym_lepiej_csharp\tests\bin\debug\tests.dll" id="6434647f-d29f-9bf4-1421-30fbd0a9279f">
      <Execution id="333f17b0-a4cc-4e4e-acfc-781c3aacebed" />
      <TestMethod codeBase="C:/Users/michal.kulinski/Documents/Visual Studio 2010/Projects/01_im_mniej_tym_lepiej_csharp/tests/bin/Debug/tests.DLL" adapterTypeName="Microsoft.VisualStudio.TestTools.TestTypes.Unit.UnitTestAdapter, Microsoft.VisualStudio.QualityTools.Tips.UnitTest.Adapter, Version=10.0.0.0, Culture=neutral, PublicKeyToken=b03f5f7f11d50a3a" className="tests.UnitTest1, tests, Version=1.0.0.0, Culture=neutral, PublicKeyToken=null" name="test_sgps_points_split_for_ints" />
    </UnitTest>
    <UnitTest name="test_convert_data_into_points_2" storage="c:\users\michal.kulinski\documents\visual studio 2010\projects\01_im_mniej_tym_lepiej_csharp\tests\bin\debug\tests.dll" id="2d9bafed-550a-d0bb-d61f-ceed617b0785">
      <Execution id="90809989-d2c5-47d0-8796-653ac99a1707" />
      <TestMethod codeBase="C:/Users/michal.kulinski/Documents/Visual Studio 2010/Projects/01_im_mniej_tym_lepiej_csharp/tests/bin/Debug/tests.DLL" adapterTypeName="Microsoft.VisualStudio.TestTools.TestTypes.Unit.UnitTestAdapter, Microsoft.VisualStudio.QualityTools.Tips.UnitTest.Adapter, Version=10.0.0.0, Culture=neutral, PublicKeyToken=b03f5f7f11d50a3a" className="tests.UnitTest1, tests, Version=1.0.0.0, Culture=neutral, PublicKeyToken=null" name="test_convert_data_into_points_2" />
    </UnitTest>
    <UnitTest name="load_test_file_1" storage="c:\users\michal.kulinski\documents\visual studio 2010\projects\01_im_mniej_tym_lepiej_csharp\tests\bin\debug\tests.dll" id="e12dbc16-d073-c1fd-969e-3d54726babcb">
      <Execution id="01d4e6c5-0480-4e74-9414-2989d28f5f69" />
      <TestMethod codeBase="C:/Users/michal.kulinski/Documents/Visual Studio 2010/Projects/01_im_mniej_tym_lepiej_csharp/tests/bin/Debug/tests.DLL" adapterTypeName="Microsoft.VisualStudio.TestTools.TestTypes.Unit.UnitTestAdapter, Microsoft.VisualStudio.QualityTools.Tips.UnitTest.Adapter, Version=10.0.0.0, Culture=neutral, PublicKeyToken=b03f5f7f11d50a3a" className="tests.UnitTest1, tests, Version=1.0.0.0, Culture=neutral, PublicKeyToken=null" name="load_test_file_1" />
    </UnitTest>
    <UnitTest name="test_strings_length" storage="c:\users\michal.kulinski\documents\visual studio 2010\projects\01_im_mniej_tym_lepiej_csharp\tests\bin\debug\tests.dll" id="c28d656b-9110-65f7-713f-4f8f29798f6d">
      <Execution id="df6e9af6-6710-4b88-ae6d-9af668c4bb46" />
      <TestMethod codeBase="C:/Users/michal.kulinski/Documents/Visual Studio 2010/Projects/01_im_mniej_tym_lepiej_csharp/tests/bin/Debug/tests.DLL" adapterTypeName="Microsoft.VisualStudio.TestTools.TestTypes.Unit.UnitTestAdapter, Microsoft.VisualStudio.QualityTools.Tips.UnitTest.Adapter, Version=10.0.0.0, Culture=neutral, PublicKeyToken=b03f5f7f11d50a3a" className="tests.UnitTest1, tests, Version=1.0.0.0, Culture=neutral, PublicKeyToken=null" name="test_strings_length" />
    </UnitTest>
    <UnitTest name="test_convert_data_into_points_1" storage="c:\users\michal.kulinski\documents\visual studio 2010\projects\01_im_mniej_tym_lepiej_csharp\tests\bin\debug\tests.dll" id="18bc8675-5b98-8dc9-4781-f01bc294fb08">
      <Execution id="b867eb56-63b7-4faf-b1f6-232bdb2e2548" />
      <TestMethod codeBase="C:/Users/michal.kulinski/Documents/Visual Studio 2010/Projects/01_im_mniej_tym_lepiej_csharp/tests/bin/Debug/tests.DLL" adapterTypeName="Microsoft.VisualStudio.TestTools.TestTypes.Unit.UnitTestAdapter, Microsoft.VisualStudio.QualityTools.Tips.UnitTest.Adapter, Version=10.0.0.0, Culture=neutral, PublicKeyToken=b03f5f7f11d50a3a" className="tests.UnitTest1, tests, Version=1.0.0.0, Culture=neutral, PublicKeyToken=null" name="test_convert_data_into_points_1" />
    </UnitTest>
    <UnitTest name="test_first_compression_attempt_2" storage="c:\users\michal.kulinski\documents\visual studio 2010\projects\01_im_mniej_tym_lepiej_csharp\tests\bin\debug\tests.dll" id="20a33ffc-e253-b2d4-7570-f5c40d3d67ff">
      <Execution id="942b3cf8-ed19-417b-bcc8-6c26b016dac1" />
      <TestMethod codeBase="C:/Users/michal.kulinski/Documents/Visual Studio 2010/Projects/01_im_mniej_tym_lepiej_csharp/tests/bin/Debug/tests.DLL" adapterTypeName="Microsoft.VisualStudio.TestTools.TestTypes.Unit.UnitTestAdapter, Microsoft.VisualStudio.QualityTools.Tips.UnitTest.Adapter, Version=10.0.0.0, Culture=neutral, PublicKeyToken=b03f5f7f11d50a3a" className="tests.UnitTest1, tests, Version=1.0.0.0, Culture=neutral, PublicKeyToken=null" name="test_first_compression_attempt_2" />
    </UnitTest>
    <UnitTest name="test_first_compression_attempt_1" storage="c:\users\michal.kulinski\documents\visual studio 2010\projects\01_im_mniej_tym_lepiej_csharp\tests\bin\debug\tests.dll" id="922af538-3d37-8213-10f8-9db25ab442bb">
      <Execution id="5a8ad1b5-fbb9-415f-a2de-41b0507ce528" />
      <TestMethod codeBase="C:/Users/michal.kulinski/Documents/Visual Studio 2010/Projects/01_im_mniej_tym_lepiej_csharp/tests/bin/Debug/tests.DLL" adapterTypeName="Microsoft.VisualStudio.TestTools.TestTypes.Unit.UnitTestAdapter, Microsoft.VisualStudio.QualityTools.Tips.UnitTest.Adapter, Version=10.0.0.0, Culture=neutral, PublicKeyToken=b03f5f7f11d50a3a" className="tests.UnitTest1, tests, Version=1.0.0.0, Culture=neutral, PublicKeyToken=null" name="test_first_compression_attempt_1" />
    </UnitTest>
    <UnitTest name="load_test_file_3" storage="c:\users\michal.kulinski\documents\visual studio 2010\projects\01_im_mniej_tym_lepiej_csharp\tests\bin\debug\tests.dll" id="88996431-512a-c025-e559-d875f3cbc868">
      <Execution id="8b9c026e-ceef-4a2a-948b-bbcc720a1723" />
      <TestMethod codeBase="C:/Users/michal.kulinski/Documents/Visual Studio 2010/Projects/01_im_mniej_tym_lepiej_csharp/tests/bin/Debug/tests.DLL" adapterTypeName="Microsoft.VisualStudio.TestTools.TestTypes.Unit.UnitTestAdapter, Microsoft.VisualStudio.QualityTools.Tips.UnitTest.Adapter, Version=10.0.0.0, Culture=neutral, PublicKeyToken=b03f5f7f11d50a3a" className="tests.UnitTest1, tests, Version=1.0.0.0, Culture=neutral, PublicKeyToken=null" name="load_test_file_3" />
    </UnitTest>
    <UnitTest name="test_first_compression_attempt_3" storage="c:\users\michal.kulinski\documents\visual studio 2010\projects\01_im_mniej_tym_lepiej_csharp\tests\bin\debug\tests.dll" id="369a1279-2b6b-ba8f-f75a-73bca69e9035">
      <Execution id="cc3c6c13-30f0-4236-8fbe-5d3e350f5ee2" />
      <TestMethod codeBase="C:/Users/michal.kulinski/Documents/Visual Studio 2010/Projects/01_im_mniej_tym_lepiej_csharp/tests/bin/Debug/tests.DLL" adapterTypeName="Microsoft.VisualStudio.TestTools.TestTypes.Unit.UnitTestAdapter, Microsoft.VisualStudio.QualityTools.Tips.UnitTest.Adapter, Version=10.0.0.0, Culture=neutral, PublicKeyToken=b03f5f7f11d50a3a" className="tests.UnitTest1, tests, Version=1.0.0.0, Culture=neutral, PublicKeyToken=null" name="test_first_compression_attempt_3" />
    </UnitTest>
  </TestDefinitions>
  <TestLists>
    <TestList name="Results Not in a List" id="8c84fa94-04c1-424b-9868-57a2d4851a1d" />
    <TestList name="All Loaded Results" id="19431567-8539-422a-85d7-44ee4e166bda" />
  </TestLists>
  <TestEntries>
    <TestEntry testId="18bc8675-5b98-8dc9-4781-f01bc294fb08" executionId="b867eb56-63b7-4faf-b1f6-232bdb2e2548" testListId="8c84fa94-04c1-424b-9868-57a2d4851a1d" />
    <TestEntry testId="20a33ffc-e253-b2d4-7570-f5c40d3d67ff" executionId="942b3cf8-ed19-417b-bcc8-6c26b016dac1" testListId="8c84fa94-04c1-424b-9868-57a2d4851a1d" />
    <TestEntry testId="2d9bafed-550a-d0bb-d61f-ceed617b0785" executionId="90809989-d2c5-47d0-8796-653ac99a1707" testListId="8c84fa94-04c1-424b-9868-57a2d4851a1d" />
    <TestEntry testId="369a1279-2b6b-ba8f-f75a-73bca69e9035" executionId="cc3c6c13-30f0-4236-8fbe-5d3e350f5ee2" testListId="8c84fa94-04c1-424b-9868-57a2d4851a1d" />
    <TestEntry testId="6434647f-d29f-9bf4-1421-30fbd0a9279f" executionId="333f17b0-a4cc-4e4e-acfc-781c3aacebed" testListId="8c84fa94-04c1-424b-9868-57a2d4851a1d" />
    <TestEntry testId="69fe3669-04d0-7adf-f2e7-27373def8b82" executionId="9d5d2c42-01f6-47ff-8565-9f766884a62a" testListId="8c84fa94-04c1-424b-9868-57a2d4851a1d" />
    <TestEntry testId="88996431-512a-c025-e559-d875f3cbc868" executionId="8b9c026e-ceef-4a2a-948b-bbcc720a1723" testListId="8c84fa94-04c1-424b-9868-57a2d4851a1d" />
    <TestEntry testId="922af538-3d37-8213-10f8-9db25ab442bb" executionId="5a8ad1b5-fbb9-415f-a2de-41b0507ce528" testListId="8c84fa94-04c1-424b-9868-57a2d4851a1d" />
    <TestEntry testId="b6fea724-3378-600e-cf2e-781a6f6a331b" executionId="a68e0a49-5560-486c-a24f-99fc7a6995e9" testListId="8c84fa94-04c1-424b-9868-57a2d4851a1d" />
    <TestEntry testId="c28d656b-9110-65f7-713f-4f8f29798f6d" executionId="df6e9af6-6710-4b88-ae6d-9af668c4bb46" testListId="8c84fa94-04c1-424b-9868-57a2d4851a1d" />
    <TestEntry testId="e12dbc16-d073-c1fd-969e-3d54726babcb" executionId="01d4e6c5-0480-4e74-9414-2989d28f5f69" testListId="8c84fa94-04c1-424b-9868-57a2d4851a1d" />
    <TestEntry testId="f64e556a-56f7-c473-1197-0b0e58cdc61a" executionId="703d4bb9-26e5-458a-ad6a-0ea3ca18b1d3" testListId="8c84fa94-04c1-424b-9868-57a2d4851a1d" />
  </TestEntries>
  <Results>
    <UnitTestResult executionId="b867eb56-63b7-4faf-b1f6-232bdb2e2548" testId="18bc8675-5b98-8dc9-4781-f01bc294fb08" testName="test_convert_data_into_points_1" computerName="MW7O33T30CYID5" duration="00:00:00.0142434" startTime="2015-03-12T11:07:36.2321582+01:00" endTime="2015-03-12T11:07:36.5071857+01:00" testType="13cdc9d9-ddb5-4fa4-a97d-d965ccfc6d4b" outcome="Passed" testListId="8c84fa94-04c1-424b-9868-57a2d4851a1d" relativeResultsDirectory="b867eb56-63b7-4faf-b1f6-232bdb2e2548">
    </UnitTestResult>
    <UnitTestResult executionId="942b3cf8-ed19-417b-bcc8-6c26b016dac1" testId="20a33ffc-e253-b2d4-7570-f5c40d3d67ff" testName="test_first_compression_attempt_2" computerName="MW7O33T30CYID5" duration="00:00:00.0065309" startTime="2015-03-12T11:07:36.5201870+01:00" endTime="2015-03-12T11:07:36.5301880+01:00" testType="13cdc9d9-ddb5-4fa4-a97d-d965ccfc6d4b" outcome="Passed" testListId="8c84fa94-04c1-424b-9868-57a2d4851a1d" relativeResultsDirectory="942b3cf8-ed19-417b-bcc8-6c26b016dac1">
    </UnitTestResult>
    <UnitTestResult executionId="90809989-d2c5-47d0-8796-653ac99a1707" testId="2d9bafed-550a-d0bb-d61f-ceed617b0785" testName="test_convert_data_into_points_2" computerName="MW7O33T30CYID5" duration="00:00:00.0003899" startTime="2015-03-12T11:07:36.5331883+01:00" endTime="2015-03-12T11:07:36.5371887+01:00" testType="13cdc9d9-ddb5-4fa4-a97d-d965ccfc6d4b" outcome="Passed" testListId="8c84fa94-04c1-424b-9868-57a2d4851a1d" relativeResultsDirectory="90809989-d2c5-47d0-8796-653ac99a1707">
    </UnitTestResult>
    <UnitTestResult executionId="cc3c6c13-30f0-4236-8fbe-5d3e350f5ee2" testId="369a1279-2b6b-ba8f-f75a-73bca69e9035" testName="test_first_compression_attempt_3" computerName="MW7O33T30CYID5" duration="00:00:00.0003088" startTime="2015-03-12T11:07:36.5401890+01:00" endTime="2015-03-12T11:07:36.5431893+01:00" testType="13cdc9d9-ddb5-4fa4-a97d-d965ccfc6d4b" outcome="Passed" testListId="8c84fa94-04c1-424b-9868-57a2d4851a1d" relativeResultsDirectory="cc3c6c13-30f0-4236-8fbe-5d3e350f5ee2">
    </UnitTestResult>
    <UnitTestResult executionId="333f17b0-a4cc-4e4e-acfc-781c3aacebed" testId="6434647f-d29f-9bf4-1421-30fbd0a9279f" testName="test_sgps_points_split_for_ints" computerName="MW7O33T30CYID5" duration="00:00:00.0004304" startTime="2015-03-12T11:07:36.5461896+01:00" endTime="2015-03-12T11:07:36.5491899+01:00" testType="13cdc9d9-ddb5-4fa4-a97d-d965ccfc6d4b" outcome="Passed" testListId="8c84fa94-04c1-424b-9868-57a2d4851a1d" relativeResultsDirectory="333f17b0-a4cc-4e4e-acfc-781c3aacebed">
    </UnitTestResult>
    <UnitTestResult executionId="9d5d2c42-01f6-47ff-8565-9f766884a62a" testId="69fe3669-04d0-7adf-f2e7-27373def8b82" testName="load_test_file_4" computerName="MW7O33T30CYID5" duration="00:00:00.0007442" startTime="2015-03-12T11:07:36.5521902+01:00" endTime="2015-03-12T11:07:36.5561906+01:00" testType="13cdc9d9-ddb5-4fa4-a97d-d965ccfc6d4b" outcome="Passed" testListId="8c84fa94-04c1-424b-9868-57a2d4851a1d" relativeResultsDirectory="9d5d2c42-01f6-47ff-8565-9f766884a62a">
    </UnitTestResult>
    <UnitTestResult executionId="8b9c026e-ceef-4a2a-948b-bbcc720a1723" testId="88996431-512a-c025-e559-d875f3cbc868" testName="load_test_file_3" computerName="MW7O33T30CYID5" duration="00:00:00.0402486" startTime="2015-03-12T11:07:36.5581908+01:00" endTime="2015-03-12T11:07:36.6011951+01:00" testType="13cdc9d9-ddb5-4fa4-a97d-d965ccfc6d4b" outcome="Passed" testListId="8c84fa94-04c1-424b-9868-57a2d4851a1d" relativeResultsDirectory="8b9c026e-ceef-4a2a-948b-bbcc720a1723">
    </UnitTestResult>
    <UnitTestResult executionId="5a8ad1b5-fbb9-415f-a2de-41b0507ce528" testId="922af538-3d37-8213-10f8-9db25ab442bb" testName="test_first_compression_attempt_1" computerName="MW7O33T30CYID5" duration="00:00:00.0002267" startTime="2015-03-12T11:07:36.6041954+01:00" endTime="2015-03-12T11:07:36.6071957+01:00" testType="13cdc9d9-ddb5-4fa4-a97d-d965ccfc6d4b" outcome="Passed" testListId="8c84fa94-04c1-424b-9868-57a2d4851a1d" relativeResultsDirectory="5a8ad1b5-fbb9-415f-a2de-41b0507ce528">
    </UnitTestResult>
    <UnitTestResult executionId="a68e0a49-5560-486c-a24f-99fc7a6995e9" testId="b6fea724-3378-600e-cf2e-781a6f6a331b" testName="load_test_file_2" computerName="MW7O33T30CYID5" duration="00:00:00.1538101" startTime="2015-03-12T11:07:36.6091959+01:00" endTime="2015-03-12T11:07:36.7662116+01:00" testType="13cdc9d9-ddb5-4fa4-a97d-d965ccfc6d4b" outcome="Passed" testListId="8c84fa94-04c1-424b-9868-57a2d4851a1d" relativeResultsDirectory="a68e0a49-5560-486c-a24f-99fc7a6995e9">
    </UnitTestResult>
    <UnitTestResult executionId="df6e9af6-6710-4b88-ae6d-9af668c4bb46" testId="c28d656b-9110-65f7-713f-4f8f29798f6d" testName="test_strings_length" computerName="MW7O33T30CYID5" duration="00:00:00.0010636" startTime="2015-03-12T11:07:36.7752125+01:00" endTime="2015-03-12T11:07:36.7792129+01:00" testType="13cdc9d9-ddb5-4fa4-a97d-d965ccfc6d4b" outcome="Passed" testListId="8c84fa94-04c1-424b-9868-57a2d4851a1d" relativeResultsDirectory="df6e9af6-6710-4b88-ae6d-9af668c4bb46">
    </UnitTestResult>
    <UnitTestResult executionId="01d4e6c5-0480-4e74-9414-2989d28f5f69" testId="e12dbc16-d073-c1fd-969e-3d54726babcb" testName="load_test_file_1" computerName="MW7O33T30CYID5" duration="00:00:01.1585301" startTime="2015-03-12T11:07:36.7822132+01:00" endTime="2015-03-12T11:07:37.9443294+01:00" testType="13cdc9d9-ddb5-4fa4-a97d-d965ccfc6d4b" outcome="Passed" testListId="8c84fa94-04c1-424b-9868-57a2d4851a1d" relativeResultsDirectory="01d4e6c5-0480-4e74-9414-2989d28f5f69">
    </UnitTestResult>
    <UnitTestResult executionId="703d4bb9-26e5-458a-ad6a-0ea3ca18b1d3" testId="f64e556a-56f7-c473-1197-0b0e58cdc61a" testName="test_if_there_is_file_manager" computerName="MW7O33T30CYID5" duration="00:00:00.0002534" startTime="2015-03-12T11:07:37.9473297+01:00" endTime="2015-03-12T11:07:37.9503300+01:00" testType="13cdc9d9-ddb5-4fa4-a97d-d965ccfc6d4b" outcome="Passed" testListId="8c84fa94-04c1-424b-9868-57a2d4851a1d" relativeResultsDirectory="703d4bb9-26e5-458a-ad6a-0ea3ca18b1d3">
    </UnitTestResult>
  </Results>
</TestRun>